<?xml version="1.0" encoding="UTF-8"?>
<!-- Generated by org.testng.reporters.JUnitReportReporter -->
<testsuite hostname="ChubenkoV" name="bms.notpages.LoginTest" tests="1" failures="0" timestamp="1 Jun 2016 10:47:51 GMT" time="2.124" errors="0">
  <testcase name="testUntitled" time="2.124" classname="bms.notpages.LoginTest"/>
</testsuite> <!-- bms.notpages.LoginTest -->
